{"uid":"b95924b3ba7b9bf1","name":"test_fail","fullName":"tests.integration.test_integration#test_fail","historyId":"102e1794247efe0c60f0ec836d90c453","time":{"start":1687298184405,"stop":1687298184405,"duration":0},"description":"\n    Item:\n        テスト失敗することの確認\n    Expect:\n        成功であること\n    ","descriptionHtml":"<pre><code>Item:\n    テスト失敗することの確認\nExpect:\n    成功であること\n</code></pre>\n","status":"failed","statusMessage":"AssertionError: assert False","statusTrace":"def test_fail():\n        \"\"\"\n        Item:\n            テスト失敗することの確認\n        Expect:\n            成功であること\n        \"\"\"\n>       assert False\nE       assert False\n\ntests/integration/test_integration.py:17: AssertionError","flaky":false,"newFailed":false,"newBroken":false,"newPassed":false,"retriesCount":0,"retriesStatusChange":false,"beforeStages":[],"afterStages":[],"labels":[{"name":"parentSuite","value":"tests.integration"},{"name":"suite","value":"test_integration"},{"name":"host","value":"fv-az555-190"},{"name":"thread","value":"2249-MainThread"},{"name":"framework","value":"pytest"},{"name":"language","value":"cpython3"},{"name":"package","value":"tests.integration.test_integration"},{"name":"resultFormat","value":"allure2"}],"parameters":[],"links":[],"hidden":false,"retry":false,"extra":{"severity":"normal","retries":[],"categories":[{"name":"Product defects","matchedStatuses":[],"flaky":false}],"tags":[]},"source":"b95924b3ba7b9bf1.json","parameterValues":[]}